Arguments: 
  C:\Program Files\nodejs\node.exe C:\Users\matanga\AppData\Roaming\npm\node_modules\yarn\bin\yarn.js install

PATH: 
  C:\ProgramData\Oracle\Java\javapath;C:\WINDOWS\system32;C:\WINDOWS;C:\WINDOWS\System32\Wbem;C:\WINDOWS\System32\WindowsPowerShell\v1.0\;C:\Program Files (x86)\CheckPoint\Endpoint Security\Endpoint Common\bin;C:\Program Files\nodejs\;C:\Program Files (x86)\Windows Kits\8.1\Windows Performance Toolkit\;C:\Program Files\Git\cmd;C:\Users\matanga\.windows-build-tools\python27\;C:\Program Files\nodejs\node_modules\npm\node_modules\npm-lifecycle\node-gyp-bin;C:\Users\matanga\AppData\Roaming\npm\node_modules\windows-build-tools\node_modules\.bin;C:\Users\matanga\AppData\Roaming\npm\node_modules\.bin;C:\Users\matanga\AppData\Local\Programs\Python\Python37-32\Scripts\;C:\Users\matanga\AppData\Local\Programs\Python\Python37-32\;C:\Users\matanga\AppData\Local\Microsoft\WindowsApps;C:\Program Files\Microsoft VS Code\bin;C:\Users\matanga\AppData\Roaming\npm;C:\Program Files\heroku\bin

Yarn version: 
  1.7.0

Node version: 
  10.5.0

Platform: 
  win32 x64

Trace: 
  Error: getaddrinfo ENOTFOUND registry.yarnpkg.com registry.yarnpkg.com:443
      at GetAddrInfoReqWrap.onlookup [as oncomplete] (dns.js:50:26)

npm manifest: 
  {
    "name": "expensify",
    "version": "1.0.0",
    "main": "index.js",
    "author": "Andrew Mead",
    "license": "MIT",
    "scripts": {
      "build:dev": "webpack",
      "build:prod": "webpack -p --env production",
      "dev-server": "webpack-dev-server",
      "test": "cross-env NODE_ENV=test jest --config=jest.config.json",
      "start": "node server/server.js",
      "heroku-postbuild": "yarn run build:prod"
    },
    "dependencies": {
      "babel-cli": "6.24.1",
      "babel-core": "6.25.0",
      "babel-loader": "7.1.1",
      "babel-plugin-transform-class-properties": "6.24.1",
      "babel-plugin-transform-object-rest-spread": "6.23.0",
      "babel-preset-env": "1.5.2",
      "babel-preset-react": "6.24.1",
      "css-loader": "0.28.4",
      "express": "4.15.4",
      "extract-text-webpack-plugin": "3.0.0",
      "firebase": "4.2.0",
      "moment": "2.18.1",
      "node-sass": "4.5.3",
      "normalize.css": "7.0.0",
      "numeral": "2.0.6",
      "react": "15.6.1",
      "react-addons-shallow-compare": "15.6.0",
      "react-dates": "12.3.0",
      "react-dom": "15.6.1",
      "react-modal": "2.2.2",
      "react-redux": "5.0.5",
      "react-router-dom": "4.1.2",
      "redux": "3.7.2",
      "redux-mock-store": "1.2.3",
      "redux-thunk": "2.2.0",
      "sass-loader": "6.0.6",
      "style-loader": "0.18.2",
      "uuid": "3.1.0",
      "validator": "8.0.0",
      "webpack": "3.1.0"
    },
    "devDependencies": {
      "cross-env": "5.0.5",
      "dotenv": "4.0.0",
      "enzyme": "2.9.1",
      "enzyme-to-json": "1.5.1",
      "jest": "20.0.4",
      "react-test-renderer": "15.6.1",
      "webpack-dev-server": "2.5.1"
    }
  }

yarn manifest: 
  No manifest

Lockfile: 
  No lockfile
